[     402ms] [WARNING] [Vue warn]: Failed to resolve component: tippy
If this is a native custom element, make sure to exclude it from component resolution via compilerOptions.isCustomElement. 
  at <List onVnodeUnmounted=fn<onVnodeUnmounted> ref=Ref< undefined > > 
  at <RouterView> 
  at <AppLayout> 
  at <App> @ http://localhost:5173/node_modules/.vite/deps/chunk-FZK26HG6.js?v=2c02740b:2475
[     474ms] [WARNING] [Vue warn]: Failed to resolve component: tippy
If this is a native custom element, make sure to exclude it from component resolution via compilerOptions.isCustomElement. 
  at <List onVnodeUnmounted=fn<onVnodeUnmounted> ref=Ref< Proxy(Object) > > 
  at <RouterView> 
  at <AppLayout> 
  at <App> @ http://localhost:5173/node_modules/.vite/deps/chunk-FZK26HG6.js?v=2c02740b:2475
[     496ms] [WARNING] [Vue warn]: Failed to resolve component: tippy
If this is a native custom element, make sure to exclude it from component resolution via compilerOptions.isCustomElement. 
  at <List onVnodeUnmounted=fn<onVnodeUnmounted> ref=Ref< Proxy(Object) > > 
  at <RouterView> 
  at <AppLayout> 
  at <App> @ http://localhost:5173/node_modules/.vite/deps/chunk-FZK26HG6.js?v=2c02740b:2475
[     912ms] [WARNING] [Vue warn]: Failed to resolve component: tippy
If this is a native custom element, make sure to exclude it from component resolution via compilerOptions.isCustomElement. 
  at <List onVnodeUnmounted=fn<onVnodeUnmounted> ref=Ref< undefined > > 
  at <RouterView> 
  at <AppLayout> 
  at <App> @ http://localhost:5173/node_modules/.vite/deps/chunk-FZK26HG6.js?v=2c02740b:2475
[    1145ms] [WARNING] [Vue warn]: Failed to resolve component: tippy
If this is a native custom element, make sure to exclude it from component resolution via compilerOptions.isCustomElement. 
  at <List onVnodeUnmounted=fn<onVnodeUnmounted> ref=Ref< Proxy(Object) > > 
  at <RouterView> 
  at <AppLayout> 
  at <App> @ http://localhost:5173/node_modules/.vite/deps/chunk-FZK26HG6.js?v=2c02740b:2475
[    1157ms] [WARNING] [Vue warn]: Failed to resolve component: tippy
If this is a native custom element, make sure to exclude it from component resolution via compilerOptions.isCustomElement. 
  at <List onVnodeUnmounted=fn<onVnodeUnmounted> ref=Ref< Proxy(Object) > > 
  at <RouterView> 
  at <AppLayout> 
  at <App> @ http://localhost:5173/node_modules/.vite/deps/chunk-FZK26HG6.js?v=2c02740b:2475
[   28440ms] [WARNING] [Vue warn]: Failed to resolve component: tippy
If this is a native custom element, make sure to exclude it from component resolution via compilerOptions.isCustomElement. 
  at <List onVnodeUnmounted=fn<onVnodeUnmounted> ref=Ref< undefined > > 
  at <RouterView> 
  at <AppLayout> 
  at <App> @ http://localhost:5173/node_modules/.vite/deps/chunk-FZK26HG6.js?v=2c02740b:2475
[   28471ms] [WARNING] [Vue warn]: Failed to resolve component: tippy
If this is a native custom element, make sure to exclude it from component resolution via compilerOptions.isCustomElement. 
  at <List onVnodeUnmounted=fn<onVnodeUnmounted> ref=Ref< Proxy(Object) > > 
  at <RouterView> 
  at <AppLayout> 
  at <App> @ http://localhost:5173/node_modules/.vite/deps/chunk-FZK26HG6.js?v=2c02740b:2475
[   28486ms] [WARNING] [Vue warn]: Failed to resolve component: tippy
If this is a native custom element, make sure to exclude it from component resolution via compilerOptions.isCustomElement. 
  at <List onVnodeUnmounted=fn<onVnodeUnmounted> ref=Ref< Proxy(Object) > > 
  at <RouterView> 
  at <AppLayout> 
  at <App> @ http://localhost:5173/node_modules/.vite/deps/chunk-FZK26HG6.js?v=2c02740b:2475
[   33165ms] [WARNING] [Vue warn]: Failed to resolve component: tippy
If this is a native custom element, make sure to exclude it from component resolution via compilerOptions.isCustomElement. 
  at <List onVnodeUnmounted=fn<onVnodeUnmounted> ref=Ref< undefined > > 
  at <RouterView> 
  at <AppLayout> 
  at <App> @ http://localhost:5173/node_modules/.vite/deps/chunk-FZK26HG6.js?v=2c02740b:2475
[   33282ms] [WARNING] [Vue warn]: Failed to resolve component: tippy
If this is a native custom element, make sure to exclude it from component resolution via compilerOptions.isCustomElement. 
  at <List onVnodeUnmounted=fn<onVnodeUnmounted> ref=Ref< Proxy(Object) > > 
  at <RouterView> 
  at <AppLayout> 
  at <App> @ http://localhost:5173/node_modules/.vite/deps/chunk-FZK26HG6.js?v=2c02740b:2475
[   33298ms] [WARNING] [Vue warn]: Failed to resolve component: tippy
If this is a native custom element, make sure to exclude it from component resolution via compilerOptions.isCustomElement. 
  at <List onVnodeUnmounted=fn<onVnodeUnmounted> ref=Ref< Proxy(Object) > > 
  at <RouterView> 
  at <AppLayout> 
  at <App> @ http://localhost:5173/node_modules/.vite/deps/chunk-FZK26HG6.js?v=2c02740b:2475
