[     416ms] [WARNING] [Vue warn]: Failed to resolve component: tippy
If this is a native custom element, make sure to exclude it from component resolution via compilerOptions.isCustomElement. 
  at <List onVnodeUnmounted=fn<onVnodeUnmounted> ref=Ref< undefined > > 
  at <RouterView> 
  at <AppLayout> 
  at <App> @ http://localhost:5173/node_modules/.vite/deps/chunk-FZK26HG6.js?v=2c02740b:2475
[     417ms] [WARNING] [intlify] Not found 'sidebar.clients' key in 'es' locale messages. @ http://localhost:5173/node_modules/.vite/deps/vue-i18n.js?v=2c02740b:28
[     417ms] [WARNING] [intlify] Fall back to translate 'sidebar.clients' key with 'en' locale. @ http://localhost:5173/node_modules/.vite/deps/vue-i18n.js?v=2c02740b:28
[     418ms] [WARNING] [intlify] Not found 'clients.list' key in 'es' locale messages. @ http://localhost:5173/node_modules/.vite/deps/vue-i18n.js?v=2c02740b:28
[     418ms] [WARNING] [intlify] Fall back to translate 'clients.list' key with 'en' locale. @ http://localhost:5173/node_modules/.vite/deps/vue-i18n.js?v=2c02740b:28
[     418ms] [WARNING] [intlify] Not found 'clients.prospects' key in 'es' locale messages. @ http://localhost:5173/node_modules/.vite/deps/vue-i18n.js?v=2c02740b:28
[     418ms] [WARNING] [intlify] Fall back to translate 'clients.prospects' key with 'en' locale. @ http://localhost:5173/node_modules/.vite/deps/vue-i18n.js?v=2c02740b:28
[     418ms] [WARNING] [intlify] Not found 'clients.active' key in 'es' locale messages. @ http://localhost:5173/node_modules/.vite/deps/vue-i18n.js?v=2c02740b:28
[     418ms] [WARNING] [intlify] Fall back to translate 'clients.active' key with 'en' locale. @ http://localhost:5173/node_modules/.vite/deps/vue-i18n.js?v=2c02740b:28
[     418ms] [WARNING] [intlify] Not found 'clients.inactive' key in 'es' locale messages. @ http://localhost:5173/node_modules/.vite/deps/vue-i18n.js?v=2c02740b:28
[     418ms] [WARNING] [intlify] Fall back to translate 'clients.inactive' key with 'en' locale. @ http://localhost:5173/node_modules/.vite/deps/vue-i18n.js?v=2c02740b:28
[     418ms] [WARNING] [intlify] Not found 'clients.archived' key in 'es' locale messages. @ http://localhost:5173/node_modules/.vite/deps/vue-i18n.js?v=2c02740b:28
[     418ms] [WARNING] [intlify] Fall back to translate 'clients.archived' key with 'en' locale. @ http://localhost:5173/node_modules/.vite/deps/vue-i18n.js?v=2c02740b:28
[     419ms] [WARNING] [intlify] Not found 'clients.client_management' key in 'es' locale messages. @ http://localhost:5173/node_modules/.vite/deps/vue-i18n.js?v=2c02740b:28
[     419ms] [WARNING] [intlify] Fall back to translate 'clients.client_management' key with 'en' locale. @ http://localhost:5173/node_modules/.vite/deps/vue-i18n.js?v=2c02740b:28
[     419ms] [WARNING] [intlify] Not found 'clients.search_placeholder' key in 'es' locale messages. @ http://localhost:5173/node_modules/.vite/deps/vue-i18n.js?v=2c02740b:28
[     419ms] [WARNING] [intlify] Fall back to translate 'clients.search_placeholder' key with 'en' locale. @ http://localhost:5173/node_modules/.vite/deps/vue-i18n.js?v=2c02740b:28
[     419ms] [WARNING] [intlify] Not found 'clients.all_statuses' key in 'es' locale messages. @ http://localhost:5173/node_modules/.vite/deps/vue-i18n.js?v=2c02740b:28
[     419ms] [WARNING] [intlify] Fall back to translate 'clients.all_statuses' key with 'en' locale. @ http://localhost:5173/node_modules/.vite/deps/vue-i18n.js?v=2c02740b:28
[     419ms] [WARNING] [intlify] Not found 'clients.prospect' key in 'es' locale messages. @ http://localhost:5173/node_modules/.vite/deps/vue-i18n.js?v=2c02740b:28
[     419ms] [WARNING] [intlify] Fall back to translate 'clients.prospect' key with 'en' locale. @ http://localhost:5173/node_modules/.vite/deps/vue-i18n.js?v=2c02740b:28
[     419ms] [WARNING] [intlify] Not found 'clients.active' key in 'es' locale messages. @ http://localhost:5173/node_modules/.vite/deps/vue-i18n.js?v=2c02740b:28
[     419ms] [WARNING] [intlify] Fall back to translate 'clients.active' key with 'en' locale. @ http://localhost:5173/node_modules/.vite/deps/vue-i18n.js?v=2c02740b:28
[     419ms] [WARNING] [intlify] Not found 'clients.inactive' key in 'es' locale messages. @ http://localhost:5173/node_modules/.vite/deps/vue-i18n.js?v=2c02740b:28
[     420ms] [WARNING] [intlify] Fall back to translate 'clients.inactive' key with 'en' locale. @ http://localhost:5173/node_modules/.vite/deps/vue-i18n.js?v=2c02740b:28
[     420ms] [WARNING] [intlify] Not found 'clients.archived' key in 'es' locale messages. @ http://localhost:5173/node_modules/.vite/deps/vue-i18n.js?v=2c02740b:28
[     420ms] [WARNING] [intlify] Fall back to translate 'clients.archived' key with 'en' locale. @ http://localhost:5173/node_modules/.vite/deps/vue-i18n.js?v=2c02740b:28
[     420ms] [WARNING] [intlify] Not found 'clients.per_page' key in 'es' locale messages. @ http://localhost:5173/node_modules/.vite/deps/vue-i18n.js?v=2c02740b:28
[     420ms] [WARNING] [intlify] Fall back to translate 'clients.per_page' key with 'en' locale. @ http://localhost:5173/node_modules/.vite/deps/vue-i18n.js?v=2c02740b:28
[     420ms] [WARNING] [intlify] Not found 'clients.per_page' key in 'es' locale messages. @ http://localhost:5173/node_modules/.vite/deps/vue-i18n.js?v=2c02740b:28
[     420ms] [WARNING] [intlify] Fall back to translate 'clients.per_page' key with 'en' locale. @ http://localhost:5173/node_modules/.vite/deps/vue-i18n.js?v=2c02740b:28
[     420ms] [WARNING] [intlify] Not found 'clients.per_page' key in 'es' locale messages. @ http://localhost:5173/node_modules/.vite/deps/vue-i18n.js?v=2c02740b:28
[     420ms] [WARNING] [intlify] Fall back to translate 'clients.per_page' key with 'en' locale. @ http://localhost:5173/node_modules/.vite/deps/vue-i18n.js?v=2c02740b:28
[     420ms] [WARNING] [intlify] Not found 'clients.per_page' key in 'es' locale messages. @ http://localhost:5173/node_modules/.vite/deps/vue-i18n.js?v=2c02740b:28
[     420ms] [WARNING] [intlify] Fall back to translate 'clients.per_page' key with 'en' locale. @ http://localhost:5173/node_modules/.vite/deps/vue-i18n.js?v=2c02740b:28
[     420ms] [WARNING] [intlify] Not found 'clients.per_page' key in 'es' locale messages. @ http://localhost:5173/node_modules/.vite/deps/vue-i18n.js?v=2c02740b:28
[     421ms] [WARNING] [intlify] Fall back to translate 'clients.per_page' key with 'en' locale. @ http://localhost:5173/node_modules/.vite/deps/vue-i18n.js?v=2c02740b:28
[     422ms] [WARNING] [intlify] Not found 'clients.add_client' key in 'es' locale messages. @ http://localhost:5173/node_modules/.vite/deps/vue-i18n.js?v=2c02740b:28
[     422ms] [WARNING] [intlify] Fall back to translate 'clients.add_client' key with 'en' locale. @ http://localhost:5173/node_modules/.vite/deps/vue-i18n.js?v=2c02740b:28
[     507ms] [WARNING] [Vue warn]: Failed to resolve component: tippy
If this is a native custom element, make sure to exclude it from component resolution via compilerOptions.isCustomElement. 
  at <List onVnodeUnmounted=fn<onVnodeUnmounted> ref=Ref< Proxy(Object) > > 
  at <RouterView> 
  at <AppLayout> 
  at <App> @ http://localhost:5173/node_modules/.vite/deps/chunk-FZK26HG6.js?v=2c02740b:2475
[     507ms] [WARNING] [intlify] Not found 'sidebar.clients' key in 'es' locale messages. @ http://localhost:5173/node_modules/.vite/deps/vue-i18n.js?v=2c02740b:28
[     507ms] [WARNING] [intlify] Fall back to translate 'sidebar.clients' key with 'en' locale. @ http://localhost:5173/node_modules/.vite/deps/vue-i18n.js?v=2c02740b:28
[     507ms] [WARNING] [intlify] Not found 'clients.list' key in 'es' locale messages. @ http://localhost:5173/node_modules/.vite/deps/vue-i18n.js?v=2c02740b:28
[     507ms] [WARNING] [intlify] Fall back to translate 'clients.list' key with 'en' locale. @ http://localhost:5173/node_modules/.vite/deps/vue-i18n.js?v=2c02740b:28
[     507ms] [WARNING] [intlify] Not found 'clients.prospects' key in 'es' locale messages. @ http://localhost:5173/node_modules/.vite/deps/vue-i18n.js?v=2c02740b:28
[     507ms] [WARNING] [intlify] Fall back to translate 'clients.prospects' key with 'en' locale. @ http://localhost:5173/node_modules/.vite/deps/vue-i18n.js?v=2c02740b:28
[     507ms] [WARNING] [intlify] Not found 'clients.active' key in 'es' locale messages. @ http://localhost:5173/node_modules/.vite/deps/vue-i18n.js?v=2c02740b:28
[     507ms] [WARNING] [intlify] Fall back to translate 'clients.active' key with 'en' locale. @ http://localhost:5173/node_modules/.vite/deps/vue-i18n.js?v=2c02740b:28
[     507ms] [WARNING] [intlify] Not found 'clients.inactive' key in 'es' locale messages. @ http://localhost:5173/node_modules/.vite/deps/vue-i18n.js?v=2c02740b:28
[     507ms] [WARNING] [intlify] Fall back to translate 'clients.inactive' key with 'en' locale. @ http://localhost:5173/node_modules/.vite/deps/vue-i18n.js?v=2c02740b:28
[     507ms] [WARNING] [intlify] Not found 'clients.archived' key in 'es' locale messages. @ http://localhost:5173/node_modules/.vite/deps/vue-i18n.js?v=2c02740b:28
[     508ms] [WARNING] [intlify] Fall back to translate 'clients.archived' key with 'en' locale. @ http://localhost:5173/node_modules/.vite/deps/vue-i18n.js?v=2c02740b:28
[     508ms] [WARNING] [intlify] Not found 'clients.client_management' key in 'es' locale messages. @ http://localhost:5173/node_modules/.vite/deps/vue-i18n.js?v=2c02740b:28
[     508ms] [WARNING] [intlify] Fall back to translate 'clients.client_management' key with 'en' locale. @ http://localhost:5173/node_modules/.vite/deps/vue-i18n.js?v=2c02740b:28
[     508ms] [WARNING] [intlify] Not found 'clients.search_placeholder' key in 'es' locale messages. @ http://localhost:5173/node_modules/.vite/deps/vue-i18n.js?v=2c02740b:28
[     508ms] [WARNING] [intlify] Fall back to translate 'clients.search_placeholder' key with 'en' locale. @ http://localhost:5173/node_modules/.vite/deps/vue-i18n.js?v=2c02740b:28
[     508ms] [WARNING] [intlify] Not found 'clients.all_statuses' key in 'es' locale messages. @ http://localhost:5173/node_modules/.vite/deps/vue-i18n.js?v=2c02740b:28
[     508ms] [WARNING] [intlify] Fall back to translate 'clients.all_statuses' key with 'en' locale. @ http://localhost:5173/node_modules/.vite/deps/vue-i18n.js?v=2c02740b:28
[     508ms] [WARNING] [intlify] Not found 'clients.prospect' key in 'es' locale messages. @ http://localhost:5173/node_modules/.vite/deps/vue-i18n.js?v=2c02740b:28
[     508ms] [WARNING] [intlify] Fall back to translate 'clients.prospect' key with 'en' locale. @ http://localhost:5173/node_modules/.vite/deps/vue-i18n.js?v=2c02740b:28
[     508ms] [WARNING] [intlify] Not found 'clients.active' key in 'es' locale messages. @ http://localhost:5173/node_modules/.vite/deps/vue-i18n.js?v=2c02740b:28
[     508ms] [WARNING] [intlify] Fall back to translate 'clients.active' key with 'en' locale. @ http://localhost:5173/node_modules/.vite/deps/vue-i18n.js?v=2c02740b:28
[     508ms] [WARNING] [intlify] Not found 'clients.inactive' key in 'es' locale messages. @ http://localhost:5173/node_modules/.vite/deps/vue-i18n.js?v=2c02740b:28
[     508ms] [WARNING] [intlify] Fall back to translate 'clients.inactive' key with 'en' locale. @ http://localhost:5173/node_modules/.vite/deps/vue-i18n.js?v=2c02740b:28
[     508ms] [WARNING] [intlify] Not found 'clients.archived' key in 'es' locale messages. @ http://localhost:5173/node_modules/.vite/deps/vue-i18n.js?v=2c02740b:28
[     508ms] [WARNING] [intlify] Fall back to translate 'clients.archived' key with 'en' locale. @ http://localhost:5173/node_modules/.vite/deps/vue-i18n.js?v=2c02740b:28
[     508ms] [WARNING] [intlify] Not found 'clients.per_page' key in 'es' locale messages. @ http://localhost:5173/node_modules/.vite/deps/vue-i18n.js?v=2c02740b:28
[     508ms] [WARNING] [intlify] Fall back to translate 'clients.per_page' key with 'en' locale. @ http://localhost:5173/node_modules/.vite/deps/vue-i18n.js?v=2c02740b:28
[     509ms] [WARNING] [intlify] Not found 'clients.per_page' key in 'es' locale messages. @ http://localhost:5173/node_modules/.vite/deps/vue-i18n.js?v=2c02740b:28
[     509ms] [WARNING] [intlify] Fall back to translate 'clients.per_page' key with 'en' locale. @ http://localhost:5173/node_modules/.vite/deps/vue-i18n.js?v=2c02740b:28
[     509ms] [WARNING] [intlify] Not found 'clients.per_page' key in 'es' locale messages. @ http://localhost:5173/node_modules/.vite/deps/vue-i18n.js?v=2c02740b:28
[     509ms] [WARNING] [intlify] Fall back to translate 'clients.per_page' key with 'en' locale. @ http://localhost:5173/node_modules/.vite/deps/vue-i18n.js?v=2c02740b:28
[     509ms] [WARNING] [intlify] Not found 'clients.per_page' key in 'es' locale messages. @ http://localhost:5173/node_modules/.vite/deps/vue-i18n.js?v=2c02740b:28
[     509ms] [WARNING] [intlify] Fall back to translate 'clients.per_page' key with 'en' locale. @ http://localhost:5173/node_modules/.vite/deps/vue-i18n.js?v=2c02740b:28
[     509ms] [WARNING] [intlify] Not found 'clients.per_page' key in 'es' locale messages. @ http://localhost:5173/node_modules/.vite/deps/vue-i18n.js?v=2c02740b:28
[     510ms] [WARNING] [intlify] Fall back to translate 'clients.per_page' key with 'en' locale. @ http://localhost:5173/node_modules/.vite/deps/vue-i18n.js?v=2c02740b:28
[     510ms] [WARNING] [intlify] Not found 'clients.add_client' key in 'es' locale messages. @ http://localhost:5173/node_modules/.vite/deps/vue-i18n.js?v=2c02740b:28
[     510ms] [WARNING] [intlify] Fall back to translate 'clients.add_client' key with 'en' locale. @ http://localhost:5173/node_modules/.vite/deps/vue-i18n.js?v=2c02740b:28
[     510ms] [WARNING] [Vue warn]: Failed to resolve component: tippy
If this is a native custom element, make sure to exclude it from component resolution via compilerOptions.isCustomElement. 
  at <List onVnodeUnmounted=fn<onVnodeUnmounted> ref=Ref< Proxy(Object) > > 
  at <RouterView> 
  at <AppLayout> 
  at <App> @ http://localhost:5173/node_modules/.vite/deps/chunk-FZK26HG6.js?v=2c02740b:2475
[     511ms] [WARNING] [intlify] Not found 'sidebar.clients' key in 'es' locale messages. @ http://localhost:5173/node_modules/.vite/deps/vue-i18n.js?v=2c02740b:28
[     511ms] [WARNING] [intlify] Fall back to translate 'sidebar.clients' key with 'en' locale. @ http://localhost:5173/node_modules/.vite/deps/vue-i18n.js?v=2c02740b:28
[     511ms] [WARNING] [intlify] Not found 'clients.list' key in 'es' locale messages. @ http://localhost:5173/node_modules/.vite/deps/vue-i18n.js?v=2c02740b:28
[     511ms] [WARNING] [intlify] Fall back to translate 'clients.list' key with 'en' locale. @ http://localhost:5173/node_modules/.vite/deps/vue-i18n.js?v=2c02740b:28
[     511ms] [WARNING] [intlify] Not found 'clients.prospects' key in 'es' locale messages. @ http://localhost:5173/node_modules/.vite/deps/vue-i18n.js?v=2c02740b:28
[     511ms] [WARNING] [intlify] Fall back to translate 'clients.prospects' key with 'en' locale. @ http://localhost:5173/node_modules/.vite/deps/vue-i18n.js?v=2c02740b:28
[     511ms] [WARNING] [intlify] Not found 'clients.active' key in 'es' locale messages. @ http://localhost:5173/node_modules/.vite/deps/vue-i18n.js?v=2c02740b:28
[     511ms] [WARNING] [intlify] Fall back to translate 'clients.active' key with 'en' locale. @ http://localhost:5173/node_modules/.vite/deps/vue-i18n.js?v=2c02740b:28
[     511ms] [WARNING] [intlify] Not found 'clients.inactive' key in 'es' locale messages. @ http://localhost:5173/node_modules/.vite/deps/vue-i18n.js?v=2c02740b:28
[     511ms] [WARNING] [intlify] Fall back to translate 'clients.inactive' key with 'en' locale. @ http://localhost:5173/node_modules/.vite/deps/vue-i18n.js?v=2c02740b:28
[     511ms] [WARNING] [intlify] Not found 'clients.archived' key in 'es' locale messages. @ http://localhost:5173/node_modules/.vite/deps/vue-i18n.js?v=2c02740b:28
[     511ms] [WARNING] [intlify] Fall back to translate 'clients.archived' key with 'en' locale. @ http://localhost:5173/node_modules/.vite/deps/vue-i18n.js?v=2c02740b:28
[     511ms] [WARNING] [intlify] Not found 'clients.client_management' key in 'es' locale messages. @ http://localhost:5173/node_modules/.vite/deps/vue-i18n.js?v=2c02740b:28
[     511ms] [WARNING] [intlify] Fall back to translate 'clients.client_management' key with 'en' locale. @ http://localhost:5173/node_modules/.vite/deps/vue-i18n.js?v=2c02740b:28
[     511ms] [WARNING] [intlify] Not found 'clients.search_placeholder' key in 'es' locale messages. @ http://localhost:5173/node_modules/.vite/deps/vue-i18n.js?v=2c02740b:28
[     511ms] [WARNING] [intlify] Fall back to translate 'clients.search_placeholder' key with 'en' locale. @ http://localhost:5173/node_modules/.vite/deps/vue-i18n.js?v=2c02740b:28
[     512ms] [WARNING] [intlify] Not found 'clients.all_statuses' key in 'es' locale messages. @ http://localhost:5173/node_modules/.vite/deps/vue-i18n.js?v=2c02740b:28
[     512ms] [WARNING] [intlify] Fall back to translate 'clients.all_statuses' key with 'en' locale. @ http://localhost:5173/node_modules/.vite/deps/vue-i18n.js?v=2c02740b:28
[     512ms] [WARNING] [intlify] Not found 'clients.prospect' key in 'es' locale messages. @ http://localhost:5173/node_modules/.vite/deps/vue-i18n.js?v=2c02740b:28
[     512ms] [WARNING] [intlify] Fall back to translate 'clients.prospect' key with 'en' locale. @ http://localhost:5173/node_modules/.vite/deps/vue-i18n.js?v=2c02740b:28
[     512ms] [WARNING] [intlify] Not found 'clients.active' key in 'es' locale messages. @ http://localhost:5173/node_modules/.vite/deps/vue-i18n.js?v=2c02740b:28
[     512ms] [WARNING] [intlify] Fall back to translate 'clients.active' key with 'en' locale. @ http://localhost:5173/node_modules/.vite/deps/vue-i18n.js?v=2c02740b:28
[     512ms] [WARNING] [intlify] Not found 'clients.inactive' key in 'es' locale messages. @ http://localhost:5173/node_modules/.vite/deps/vue-i18n.js?v=2c02740b:28
[     512ms] [WARNING] [intlify] Fall back to translate 'clients.inactive' key with 'en' locale. @ http://localhost:5173/node_modules/.vite/deps/vue-i18n.js?v=2c02740b:28
[     512ms] [WARNING] [intlify] Not found 'clients.archived' key in 'es' locale messages. @ http://localhost:5173/node_modules/.vite/deps/vue-i18n.js?v=2c02740b:28
[     512ms] [WARNING] [intlify] Fall back to translate 'clients.archived' key with 'en' locale. @ http://localhost:5173/node_modules/.vite/deps/vue-i18n.js?v=2c02740b:28
[     512ms] [WARNING] [intlify] Not found 'clients.per_page' key in 'es' locale messages. @ http://localhost:5173/node_modules/.vite/deps/vue-i18n.js?v=2c02740b:28
[     512ms] [WARNING] [intlify] Fall back to translate 'clients.per_page' key with 'en' locale. @ http://localhost:5173/node_modules/.vite/deps/vue-i18n.js?v=2c02740b:28
[     512ms] [WARNING] [intlify] Not found 'clients.per_page' key in 'es' locale messages. @ http://localhost:5173/node_modules/.vite/deps/vue-i18n.js?v=2c02740b:28
[     512ms] [WARNING] [intlify] Fall back to translate 'clients.per_page' key with 'en' locale. @ http://localhost:5173/node_modules/.vite/deps/vue-i18n.js?v=2c02740b:28
[     512ms] [WARNING] [intlify] Not found 'clients.per_page' key in 'es' locale messages. @ http://localhost:5173/node_modules/.vite/deps/vue-i18n.js?v=2c02740b:28
[     512ms] [WARNING] [intlify] Fall back to translate 'clients.per_page' key with 'en' locale. @ http://localhost:5173/node_modules/.vite/deps/vue-i18n.js?v=2c02740b:28
[     512ms] [WARNING] [intlify] Not found 'clients.per_page' key in 'es' locale messages. @ http://localhost:5173/node_modules/.vite/deps/vue-i18n.js?v=2c02740b:28
[     512ms] [WARNING] [intlify] Fall back to translate 'clients.per_page' key with 'en' locale. @ http://localhost:5173/node_modules/.vite/deps/vue-i18n.js?v=2c02740b:28
[     513ms] [WARNING] [intlify] Not found 'clients.per_page' key in 'es' locale messages. @ http://localhost:5173/node_modules/.vite/deps/vue-i18n.js?v=2c02740b:28
[     513ms] [WARNING] [intlify] Fall back to translate 'clients.per_page' key with 'en' locale. @ http://localhost:5173/node_modules/.vite/deps/vue-i18n.js?v=2c02740b:28
[     513ms] [WARNING] [intlify] Not found 'clients.no_clients_yet' key in 'es' locale messages. @ http://localhost:5173/node_modules/.vite/deps/vue-i18n.js?v=2c02740b:28
[     513ms] [WARNING] [intlify] Fall back to translate 'clients.no_clients_yet' key with 'en' locale. @ http://localhost:5173/node_modules/.vite/deps/vue-i18n.js?v=2c02740b:28
[     513ms] [WARNING] [intlify] Not found 'clients.get_started_by_adding' key in 'es' locale messages. @ http://localhost:5173/node_modules/.vite/deps/vue-i18n.js?v=2c02740b:28
[     513ms] [WARNING] [intlify] Fall back to translate 'clients.get_started_by_adding' key with 'en' locale. @ http://localhost:5173/node_modules/.vite/deps/vue-i18n.js?v=2c02740b:28
[     513ms] [WARNING] [intlify] Not found 'clients.add_client' key in 'es' locale messages. @ http://localhost:5173/node_modules/.vite/deps/vue-i18n.js?v=2c02740b:28
[     513ms] [WARNING] [intlify] Fall back to translate 'clients.add_client' key with 'en' locale. @ http://localhost:5173/node_modules/.vite/deps/vue-i18n.js?v=2c02740b:28
[     514ms] [WARNING] [intlify] Not found 'clients.add_first_client' key in 'es' locale messages. @ http://localhost:5173/node_modules/.vite/deps/vue-i18n.js?v=2c02740b:28
[     514ms] [WARNING] [intlify] Fall back to translate 'clients.add_first_client' key with 'en' locale. @ http://localhost:5173/node_modules/.vite/deps/vue-i18n.js?v=2c02740b:28
[   32675ms] [WARNING] [intlify] Not found 'clients.create_client' key in 'es' locale messages. @ http://localhost:5173/node_modules/.vite/deps/vue-i18n.js?v=2c02740b:28
[   32675ms] [WARNING] [intlify] Fall back to translate 'clients.create_client' key with 'en' locale. @ http://localhost:5173/node_modules/.vite/deps/vue-i18n.js?v=2c02740b:28
[   32676ms] [WARNING] [intlify] Not found 'clients.create_new_client' key in 'es' locale messages. @ http://localhost:5173/node_modules/.vite/deps/vue-i18n.js?v=2c02740b:28
[   32676ms] [WARNING] [intlify] Fall back to translate 'clients.create_new_client' key with 'en' locale. @ http://localhost:5173/node_modules/.vite/deps/vue-i18n.js?v=2c02740b:28
[   32676ms] [WARNING] [intlify] Not found 'clients.personal_information' key in 'es' locale messages. @ http://localhost:5173/node_modules/.vite/deps/vue-i18n.js?v=2c02740b:28
[   32676ms] [WARNING] [intlify] Fall back to translate 'clients.personal_information' key with 'en' locale. @ http://localhost:5173/node_modules/.vite/deps/vue-i18n.js?v=2c02740b:28
[   32676ms] [WARNING] [intlify] Not found 'clients.first_name' key in 'es' locale messages. @ http://localhost:5173/node_modules/.vite/deps/vue-i18n.js?v=2c02740b:28
[   32676ms] [WARNING] [intlify] Fall back to translate 'clients.first_name' key with 'en' locale. @ http://localhost:5173/node_modules/.vite/deps/vue-i18n.js?v=2c02740b:28
[   32676ms] [WARNING] [intlify] Not found 'clients.enter_first_name' key in 'es' locale messages. @ http://localhost:5173/node_modules/.vite/deps/vue-i18n.js?v=2c02740b:28
[   32676ms] [WARNING] [intlify] Fall back to translate 'clients.enter_first_name' key with 'en' locale. @ http://localhost:5173/node_modules/.vite/deps/vue-i18n.js?v=2c02740b:28
[   32677ms] [WARNING] [intlify] Not found 'clients.last_name' key in 'es' locale messages. @ http://localhost:5173/node_modules/.vite/deps/vue-i18n.js?v=2c02740b:28
[   32677ms] [WARNING] [intlify] Fall back to translate 'clients.last_name' key with 'en' locale. @ http://localhost:5173/node_modules/.vite/deps/vue-i18n.js?v=2c02740b:28
[   32677ms] [WARNING] [intlify] Not found 'clients.enter_last_name' key in 'es' locale messages. @ http://localhost:5173/node_modules/.vite/deps/vue-i18n.js?v=2c02740b:28
[   32677ms] [WARNING] [intlify] Fall back to translate 'clients.enter_last_name' key with 'en' locale. @ http://localhost:5173/node_modules/.vite/deps/vue-i18n.js?v=2c02740b:28
[   32677ms] [WARNING] [intlify] Not found 'clients.date_of_birth' key in 'es' locale messages. @ http://localhost:5173/node_modules/.vite/deps/vue-i18n.js?v=2c02740b:28
[   32677ms] [WARNING] [intlify] Fall back to translate 'clients.date_of_birth' key with 'en' locale. @ http://localhost:5173/node_modules/.vite/deps/vue-i18n.js?v=2c02740b:28
[   32678ms] [WARNING] [intlify] Not found 'clients.select_date' key in 'es' locale messages. @ http://localhost:5173/node_modules/.vite/deps/vue-i18n.js?v=2c02740b:28
[   32678ms] [WARNING] [intlify] Fall back to translate 'clients.select_date' key with 'en' locale. @ http://localhost:5173/node_modules/.vite/deps/vue-i18n.js?v=2c02740b:28
[   32678ms] [WARNING] [intlify] Not found 'clients.gender' key in 'es' locale messages. @ http://localhost:5173/node_modules/.vite/deps/vue-i18n.js?v=2c02740b:28
[   32678ms] [WARNING] [intlify] Fall back to translate 'clients.gender' key with 'en' locale. @ http://localhost:5173/node_modules/.vite/deps/vue-i18n.js?v=2c02740b:28
[   32678ms] [WARNING] [intlify] Not found 'clients.select_gender' key in 'es' locale messages. @ http://localhost:5173/node_modules/.vite/deps/vue-i18n.js?v=2c02740b:28
[   32678ms] [WARNING] [intlify] Fall back to translate 'clients.select_gender' key with 'en' locale. @ http://localhost:5173/node_modules/.vite/deps/vue-i18n.js?v=2c02740b:28
[   32678ms] [WARNING] [intlify] Not found 'clients.nationality' key in 'es' locale messages. @ http://localhost:5173/node_modules/.vite/deps/vue-i18n.js?v=2c02740b:28
[   32678ms] [WARNING] [intlify] Fall back to translate 'clients.nationality' key with 'en' locale. @ http://localhost:5173/node_modules/.vite/deps/vue-i18n.js?v=2c02740b:28
[   32678ms] [WARNING] [intlify] Not found 'clients.enter_nationality' key in 'es' locale messages. @ http://localhost:5173/node_modules/.vite/deps/vue-i18n.js?v=2c02740b:28
[   32678ms] [WARNING] [intlify] Fall back to translate 'clients.enter_nationality' key with 'en' locale. @ http://localhost:5173/node_modules/.vite/deps/vue-i18n.js?v=2c02740b:28
[   32678ms] [WARNING] [intlify] Not found 'clients.marital_status' key in 'es' locale messages. @ http://localhost:5173/node_modules/.vite/deps/vue-i18n.js?v=2c02740b:28
[   32678ms] [WARNING] [intlify] Fall back to translate 'clients.marital_status' key with 'en' locale. @ http://localhost:5173/node_modules/.vite/deps/vue-i18n.js?v=2c02740b:28
[   32678ms] [WARNING] [intlify] Not found 'clients.select_status' key in 'es' locale messages. @ http://localhost:5173/node_modules/.vite/deps/vue-i18n.js?v=2c02740b:28
[   32679ms] [WARNING] [intlify] Fall back to translate 'clients.select_status' key with 'en' locale. @ http://localhost:5173/node_modules/.vite/deps/vue-i18n.js?v=2c02740b:28
[   32679ms] [WARNING] [intlify] Not found 'clients.profession' key in 'es' locale messages. @ http://localhost:5173/node_modules/.vite/deps/vue-i18n.js?v=2c02740b:28
[   32679ms] [WARNING] [intlify] Fall back to translate 'clients.profession' key with 'en' locale. @ http://localhost:5173/node_modules/.vite/deps/vue-i18n.js?v=2c02740b:28
[   32679ms] [WARNING] [intlify] Not found 'clients.enter_profession' key in 'es' locale messages. @ http://localhost:5173/node_modules/.vite/deps/vue-i18n.js?v=2c02740b:28
[   32679ms] [WARNING] [intlify] Fall back to translate 'clients.enter_profession' key with 'en' locale. @ http://localhost:5173/node_modules/.vite/deps/vue-i18n.js?v=2c02740b:28
[   32680ms] [WARNING] [intlify] Not found 'clients.language' key in 'es' locale messages. @ http://localhost:5173/node_modules/.vite/deps/vue-i18n.js?v=2c02740b:28
[   32680ms] [WARNING] [intlify] Fall back to translate 'clients.language' key with 'en' locale. @ http://localhost:5173/node_modules/.vite/deps/vue-i18n.js?v=2c02740b:28
[   32680ms] [WARNING] [intlify] Not found 'clients.enter_language' key in 'es' locale messages. @ http://localhost:5173/node_modules/.vite/deps/vue-i18n.js?v=2c02740b:28
[   32680ms] [WARNING] [intlify] Fall back to translate 'clients.enter_language' key with 'en' locale. @ http://localhost:5173/node_modules/.vite/deps/vue-i18n.js?v=2c02740b:28
[   32680ms] [WARNING] [intlify] Not found 'clients.contact_information' key in 'es' locale messages. @ http://localhost:5173/node_modules/.vite/deps/vue-i18n.js?v=2c02740b:28
[   32680ms] [WARNING] [intlify] Fall back to translate 'clients.contact_information' key with 'en' locale. @ http://localhost:5173/node_modules/.vite/deps/vue-i18n.js?v=2c02740b:28
[   32680ms] [WARNING] [intlify] Not found 'clients.email' key in 'es' locale messages. @ http://localhost:5173/node_modules/.vite/deps/vue-i18n.js?v=2c02740b:28
[   32680ms] [WARNING] [intlify] Fall back to translate 'clients.email' key with 'en' locale. @ http://localhost:5173/node_modules/.vite/deps/vue-i18n.js?v=2c02740b:28
[   32680ms] [WARNING] [intlify] Not found 'clients.enter_email' key in 'es' locale messages. @ http://localhost:5173/node_modules/.vite/deps/vue-i18n.js?v=2c02740b:28
[   32680ms] [WARNING] [intlify] Fall back to translate 'clients.enter_email' key with 'en' locale. @ http://localhost:5173/node_modules/.vite/deps/vue-i18n.js?v=2c02740b:28
[   32680ms] [WARNING] [intlify] Not found 'clients.phone' key in 'es' locale messages. @ http://localhost:5173/node_modules/.vite/deps/vue-i18n.js?v=2c02740b:28
[   32680ms] [WARNING] [intlify] Fall back to translate 'clients.phone' key with 'en' locale. @ http://localhost:5173/node_modules/.vite/deps/vue-i18n.js?v=2c02740b:28
[   32680ms] [WARNING] [intlify] Not found 'clients.enter_phone' key in 'es' locale messages. @ http://localhost:5173/node_modules/.vite/deps/vue-i18n.js?v=2c02740b:28
[   32680ms] [WARNING] [intlify] Fall back to translate 'clients.enter_phone' key with 'en' locale. @ http://localhost:5173/node_modules/.vite/deps/vue-i18n.js?v=2c02740b:28
[   32681ms] [WARNING] [intlify] Not found 'clients.secondary_phone' key in 'es' locale messages. @ http://localhost:5173/node_modules/.vite/deps/vue-i18n.js?v=2c02740b:28
[   32681ms] [WARNING] [intlify] Fall back to translate 'clients.secondary_phone' key with 'en' locale. @ http://localhost:5173/node_modules/.vite/deps/vue-i18n.js?v=2c02740b:28
[   32681ms] [WARNING] [intlify] Not found 'clients.enter_secondary_phone' key in 'es' locale messages. @ http://localhost:5173/node_modules/.vite/deps/vue-i18n.js?v=2c02740b:28
[   32681ms] [WARNING] [intlify] Fall back to translate 'clients.enter_secondary_phone' key with 'en' locale. @ http://localhost:5173/node_modules/.vite/deps/vue-i18n.js?v=2c02740b:28
[   32681ms] [WARNING] [intlify] Not found 'clients.residential_address' key in 'es' locale messages. @ http://localhost:5173/node_modules/.vite/deps/vue-i18n.js?v=2c02740b:28
[   32681ms] [WARNING] [intlify] Fall back to translate 'clients.residential_address' key with 'en' locale. @ http://localhost:5173/node_modules/.vite/deps/vue-i18n.js?v=2c02740b:28
[   32681ms] [WARNING] [intlify] Not found 'clients.enter_address' key in 'es' locale messages. @ http://localhost:5173/node_modules/.vite/deps/vue-i18n.js?v=2c02740b:28
[   32681ms] [WARNING] [intlify] Fall back to translate 'clients.enter_address' key with 'en' locale. @ http://localhost:5173/node_modules/.vite/deps/vue-i18n.js?v=2c02740b:28
[   32681ms] [WARNING] [intlify] Not found 'clients.city' key in 'es' locale messages. @ http://localhost:5173/node_modules/.vite/deps/vue-i18n.js?v=2c02740b:28
[   32681ms] [WARNING] [intlify] Fall back to translate 'clients.city' key with 'en' locale. @ http://localhost:5173/node_modules/.vite/deps/vue-i18n.js?v=2c02740b:28
[   32681ms] [WARNING] [intlify] Not found 'clients.enter_city' key in 'es' locale messages. @ http://localhost:5173/node_modules/.vite/deps/vue-i18n.js?v=2c02740b:28
[   32681ms] [WARNING] [intlify] Fall back to translate 'clients.enter_city' key with 'en' locale. @ http://localhost:5173/node_modules/.vite/deps/vue-i18n.js?v=2c02740b:28
[   32681ms] [WARNING] [intlify] Not found 'clients.province' key in 'es' locale messages. @ http://localhost:5173/node_modules/.vite/deps/vue-i18n.js?v=2c02740b:28
[   32681ms] [WARNING] [intlify] Fall back to translate 'clients.province' key with 'en' locale. @ http://localhost:5173/node_modules/.vite/deps/vue-i18n.js?v=2c02740b:28
[   32681ms] [WARNING] [intlify] Not found 'clients.enter_province' key in 'es' locale messages. @ http://localhost:5173/node_modules/.vite/deps/vue-i18n.js?v=2c02740b:28
[   32682ms] [WARNING] [intlify] Fall back to translate 'clients.enter_province' key with 'en' locale. @ http://localhost:5173/node_modules/.vite/deps/vue-i18n.js?v=2c02740b:28
[   32682ms] [WARNING] [intlify] Not found 'clients.postal_code' key in 'es' locale messages. @ http://localhost:5173/node_modules/.vite/deps/vue-i18n.js?v=2c02740b:28
[   32682ms] [WARNING] [intlify] Fall back to translate 'clients.postal_code' key with 'en' locale. @ http://localhost:5173/node_modules/.vite/deps/vue-i18n.js?v=2c02740b:28
[   32682ms] [WARNING] [intlify] Not found 'clients.enter_postal_code' key in 'es' locale messages. @ http://localhost:5173/node_modules/.vite/deps/vue-i18n.js?v=2c02740b:28
[   32682ms] [WARNING] [intlify] Fall back to translate 'clients.enter_postal_code' key with 'en' locale. @ http://localhost:5173/node_modules/.vite/deps/vue-i18n.js?v=2c02740b:28
[   32682ms] [WARNING] [intlify] Not found 'clients.country' key in 'es' locale messages. @ http://localhost:5173/node_modules/.vite/deps/vue-i18n.js?v=2c02740b:28
[   32682ms] [WARNING] [intlify] Fall back to translate 'clients.country' key with 'en' locale. @ http://localhost:5173/node_modules/.vite/deps/vue-i18n.js?v=2c02740b:28
[   32682ms] [WARNING] [intlify] Not found 'clients.enter_country' key in 'es' locale messages. @ http://localhost:5173/node_modules/.vite/deps/vue-i18n.js?v=2c02740b:28
[   32682ms] [WARNING] [intlify] Fall back to translate 'clients.enter_country' key with 'en' locale. @ http://localhost:5173/node_modules/.vite/deps/vue-i18n.js?v=2c02740b:28
[   32682ms] [WARNING] [intlify] Not found 'clients.canada_legal_status' key in 'es' locale messages. @ http://localhost:5173/node_modules/.vite/deps/vue-i18n.js?v=2c02740b:28
[   32682ms] [WARNING] [intlify] Fall back to translate 'clients.canada_legal_status' key with 'en' locale. @ http://localhost:5173/node_modules/.vite/deps/vue-i18n.js?v=2c02740b:28
[   32682ms] [WARNING] [intlify] Not found 'clients.status_in_canada' key in 'es' locale messages. @ http://localhost:5173/node_modules/.vite/deps/vue-i18n.js?v=2c02740b:28
[   32682ms] [WARNING] [intlify] Fall back to translate 'clients.status_in_canada' key with 'en' locale. @ http://localhost:5173/node_modules/.vite/deps/vue-i18n.js?v=2c02740b:28
[   32682ms] [WARNING] [intlify] Not found 'clients.select_status' key in 'es' locale messages. @ http://localhost:5173/node_modules/.vite/deps/vue-i18n.js?v=2c02740b:28
[   32682ms] [WARNING] [intlify] Fall back to translate 'clients.select_status' key with 'en' locale. @ http://localhost:5173/node_modules/.vite/deps/vue-i18n.js?v=2c02740b:28
[   32683ms] [WARNING] [intlify] Not found 'clients.entry_point' key in 'es' locale messages. @ http://localhost:5173/node_modules/.vite/deps/vue-i18n.js?v=2c02740b:28
[   32683ms] [WARNING] [intlify] Fall back to translate 'clients.entry_point' key with 'en' locale. @ http://localhost:5173/node_modules/.vite/deps/vue-i18n.js?v=2c02740b:28
[   32683ms] [WARNING] [intlify] Not found 'clients.select_entry_point' key in 'es' locale messages. @ http://localhost:5173/node_modules/.vite/deps/vue-i18n.js?v=2c02740b:28
[   32683ms] [WARNING] [intlify] Fall back to translate 'clients.select_entry_point' key with 'en' locale. @ http://localhost:5173/node_modules/.vite/deps/vue-i18n.js?v=2c02740b:28
[   32683ms] [WARNING] [intlify] Not found 'clients.arrival_date' key in 'es' locale messages. @ http://localhost:5173/node_modules/.vite/deps/vue-i18n.js?v=2c02740b:28
[   32683ms] [WARNING] [intlify] Fall back to translate 'clients.arrival_date' key with 'en' locale. @ http://localhost:5173/node_modules/.vite/deps/vue-i18n.js?v=2c02740b:28
[   32683ms] [WARNING] [intlify] Not found 'clients.select_date' key in 'es' locale messages. @ http://localhost:5173/node_modules/.vite/deps/vue-i18n.js?v=2c02740b:28
[   32683ms] [WARNING] [intlify] Fall back to translate 'clients.select_date' key with 'en' locale. @ http://localhost:5173/node_modules/.vite/deps/vue-i18n.js?v=2c02740b:28
[   32683ms] [WARNING] [intlify] Not found 'clients.passport_number' key in 'es' locale messages. @ http://localhost:5173/node_modules/.vite/deps/vue-i18n.js?v=2c02740b:28
[   32683ms] [WARNING] [intlify] Fall back to translate 'clients.passport_number' key with 'en' locale. @ http://localhost:5173/node_modules/.vite/deps/vue-i18n.js?v=2c02740b:28
[   32683ms] [WARNING] [intlify] Not found 'clients.enter_passport_number' key in 'es' locale messages. @ http://localhost:5173/node_modules/.vite/deps/vue-i18n.js?v=2c02740b:28
[   32683ms] [WARNING] [intlify] Fall back to translate 'clients.enter_passport_number' key with 'en' locale. @ http://localhost:5173/node_modules/.vite/deps/vue-i18n.js?v=2c02740b:28
[   32683ms] [WARNING] [intlify] Not found 'clients.passport_country' key in 'es' locale messages. @ http://localhost:5173/node_modules/.vite/deps/vue-i18n.js?v=2c02740b:28
[   32683ms] [WARNING] [intlify] Fall back to translate 'clients.passport_country' key with 'en' locale. @ http://localhost:5173/node_modules/.vite/deps/vue-i18n.js?v=2c02740b:28
[   32684ms] [WARNING] [intlify] Not found 'clients.enter_country' key in 'es' locale messages. @ http://localhost:5173/node_modules/.vite/deps/vue-i18n.js?v=2c02740b:28
[   32684ms] [WARNING] [intlify] Fall back to translate 'clients.enter_country' key with 'en' locale. @ http://localhost:5173/node_modules/.vite/deps/vue-i18n.js?v=2c02740b:28
[   32684ms] [WARNING] [intlify] Not found 'clients.passport_expiry' key in 'es' locale messages. @ http://localhost:5173/node_modules/.vite/deps/vue-i18n.js?v=2c02740b:28
[   32684ms] [WARNING] [intlify] Fall back to translate 'clients.passport_expiry' key with 'en' locale. @ http://localhost:5173/node_modules/.vite/deps/vue-i18n.js?v=2c02740b:28
[   32684ms] [WARNING] [intlify] Not found 'clients.select_date' key in 'es' locale messages. @ http://localhost:5173/node_modules/.vite/deps/vue-i18n.js?v=2c02740b:28
[   32684ms] [WARNING] [intlify] Fall back to translate 'clients.select_date' key with 'en' locale. @ http://localhost:5173/node_modules/.vite/deps/vue-i18n.js?v=2c02740b:28
[   32684ms] [WARNING] [intlify] Not found 'clients.iuc' key in 'es' locale messages. @ http://localhost:5173/node_modules/.vite/deps/vue-i18n.js?v=2c02740b:28
[   32684ms] [WARNING] [intlify] Fall back to translate 'clients.iuc' key with 'en' locale. @ http://localhost:5173/node_modules/.vite/deps/vue-i18n.js?v=2c02740b:28
[   32684ms] [WARNING] [intlify] Not found 'clients.enter_iuc' key in 'es' locale messages. @ http://localhost:5173/node_modules/.vite/deps/vue-i18n.js?v=2c02740b:28
[   32684ms] [WARNING] [intlify] Fall back to translate 'clients.enter_iuc' key with 'en' locale. @ http://localhost:5173/node_modules/.vite/deps/vue-i18n.js?v=2c02740b:28
[   32684ms] [WARNING] [intlify] Not found 'clients.work_permit_number' key in 'es' locale messages. @ http://localhost:5173/node_modules/.vite/deps/vue-i18n.js?v=2c02740b:28
[   32684ms] [WARNING] [intlify] Fall back to translate 'clients.work_permit_number' key with 'en' locale. @ http://localhost:5173/node_modules/.vite/deps/vue-i18n.js?v=2c02740b:28
[   32684ms] [WARNING] [intlify] Not found 'clients.enter_permit_number' key in 'es' locale messages. @ http://localhost:5173/node_modules/.vite/deps/vue-i18n.js?v=2c02740b:28
[   32684ms] [WARNING] [intlify] Fall back to translate 'clients.enter_permit_number' key with 'en' locale. @ http://localhost:5173/node_modules/.vite/deps/vue-i18n.js?v=2c02740b:28
[   32684ms] [WARNING] [intlify] Not found 'clients.study_permit_number' key in 'es' locale messages. @ http://localhost:5173/node_modules/.vite/deps/vue-i18n.js?v=2c02740b:28
[   32684ms] [WARNING] [intlify] Fall back to translate 'clients.study_permit_number' key with 'en' locale. @ http://localhost:5173/node_modules/.vite/deps/vue-i18n.js?v=2c02740b:28
[   32685ms] [WARNING] [intlify] Not found 'clients.enter_permit_number' key in 'es' locale messages. @ http://localhost:5173/node_modules/.vite/deps/vue-i18n.js?v=2c02740b:28
[   32685ms] [WARNING] [intlify] Fall back to translate 'clients.enter_permit_number' key with 'en' locale. @ http://localhost:5173/node_modules/.vite/deps/vue-i18n.js?v=2c02740b:28
[   32685ms] [WARNING] [intlify] Not found 'clients.client_status' key in 'es' locale messages. @ http://localhost:5173/node_modules/.vite/deps/vue-i18n.js?v=2c02740b:28
[   32685ms] [WARNING] [intlify] Fall back to translate 'clients.client_status' key with 'en' locale. @ http://localhost:5173/node_modules/.vite/deps/vue-i18n.js?v=2c02740b:28
[   32685ms] [WARNING] [intlify] Not found 'clients.status' key in 'es' locale messages. @ http://localhost:5173/node_modules/.vite/deps/vue-i18n.js?v=2c02740b:28
[   32685ms] [WARNING] [intlify] Fall back to translate 'clients.status' key with 'en' locale. @ http://localhost:5173/node_modules/.vite/deps/vue-i18n.js?v=2c02740b:28
[   32685ms] [WARNING] [intlify] Not found 'clients.is_primary_applicant' key in 'es' locale messages. @ http://localhost:5173/node_modules/.vite/deps/vue-i18n.js?v=2c02740b:28
[   32685ms] [WARNING] [intlify] Fall back to translate 'clients.is_primary_applicant' key with 'en' locale. @ http://localhost:5173/node_modules/.vite/deps/vue-i18n.js?v=2c02740b:28
[   32685ms] [WARNING] [intlify] Not found 'clients.notes' key in 'es' locale messages. @ http://localhost:5173/node_modules/.vite/deps/vue-i18n.js?v=2c02740b:28
[   32685ms] [WARNING] [intlify] Fall back to translate 'clients.notes' key with 'en' locale. @ http://localhost:5173/node_modules/.vite/deps/vue-i18n.js?v=2c02740b:28
[   32685ms] [WARNING] [intlify] Not found 'clients.enter_notes' key in 'es' locale messages. @ http://localhost:5173/node_modules/.vite/deps/vue-i18n.js?v=2c02740b:28
[   32685ms] [WARNING] [intlify] Fall back to translate 'clients.enter_notes' key with 'en' locale. @ http://localhost:5173/node_modules/.vite/deps/vue-i18n.js?v=2c02740b:28
[   32685ms] [WARNING] [intlify] Not found 'clients.create_client' key in 'es' locale messages. @ http://localhost:5173/node_modules/.vite/deps/vue-i18n.js?v=2c02740b:28
[   32686ms] [WARNING] [intlify] Fall back to translate 'clients.create_client' key with 'en' locale. @ http://localhost:5173/node_modules/.vite/deps/vue-i18n.js?v=2c02740b:28
[   32686ms] [WARNING] [intlify] Not found 'clients.clients' key in 'es' locale messages. @ http://localhost:5173/node_modules/.vite/deps/vue-i18n.js?v=2c02740b:28
[   32686ms] [WARNING] [intlify] Fall back to translate 'clients.clients' key with 'en' locale. @ http://localhost:5173/node_modules/.vite/deps/vue-i18n.js?v=2c02740b:28
[   32687ms] [WARNING] [intlify] Not found 'clients.back_to_list' key in 'es' locale messages. @ http://localhost:5173/node_modules/.vite/deps/vue-i18n.js?v=2c02740b:28
[   32687ms] [WARNING] [intlify] Fall back to translate 'clients.back_to_list' key with 'en' locale. @ http://localhost:5173/node_modules/.vite/deps/vue-i18n.js?v=2c02740b:28
[   32689ms] [WARNING] [intlify] Not found 'clients.cancel' key in 'es' locale messages. @ http://localhost:5173/node_modules/.vite/deps/vue-i18n.js?v=2c02740b:28
[   32689ms] [WARNING] [intlify] Fall back to translate 'clients.cancel' key with 'en' locale. @ http://localhost:5173/node_modules/.vite/deps/vue-i18n.js?v=2c02740b:28
